  [1m[36mSQL (0.6ms)[0m  [1m SELECT name
 FROM sqlite_master
 WHERE type = 'table' AND NOT name = 'sqlite_sequence'
[0m
  [1m[35mSQL (0.1ms)[0m  select sqlite_version(*)
  [1m[36mSQL (1.9ms)[0m  [1mCREATE TABLE "schema_migrations" ("version" varchar(255) NOT NULL) [0m
  [1m[35mSQL (0.1ms)[0m  PRAGMA index_list("schema_migrations")
  [1m[36mSQL (1.3ms)[0m  [1mCREATE UNIQUE INDEX "unique_schema_migrations" ON "schema_migrations" ("version")[0m
  [1m[35mSQL (0.2ms)[0m   SELECT name
 FROM sqlite_master
 WHERE type = 'table' AND NOT name = 'sqlite_sequence'
  [1m[36mSQL (0.2ms)[0m  [1m SELECT name
 FROM sqlite_master
 WHERE type = 'table' AND NOT name = 'sqlite_sequence'
[0m
  [1m[35mSQL (0.1ms)[0m  SELECT "schema_migrations"."version" FROM "schema_migrations"
Migrating to CreateShouts (20110303020501)
  [1m[36mSQL (0.6ms)[0m  [1mCREATE TABLE "shouts" ("id" INTEGER PRIMARY KEY AUTOINCREMENT NOT NULL, "message" varchar(255), "upvotes" integer, "downvotes" integer, "created_at" datetime, "updated_at" datetime) [0m
  [1m[35mSQL (0.2ms)[0m  INSERT INTO "schema_migrations" ("version") VALUES ('20110303020501')
  [1m[36mSQL (0.3ms)[0m  [1m SELECT name
 FROM sqlite_master
 WHERE type = 'table' AND NOT name = 'sqlite_sequence'
[0m
  [1m[35mSQL (1.1ms)[0m  SELECT "schema_migrations"."version" FROM "schema_migrations"
  [1m[36mSQL (0.2ms)[0m  [1m SELECT name
 FROM sqlite_master
 WHERE type = 'table' AND NOT name = 'sqlite_sequence'
[0m
  [1m[35mSQL (0.1ms)[0m  PRAGMA index_list("shouts")


Started GET "/" for 127.0.0.1 at 2011-03-02 21:15:38 -0500
  Processing by ShoutsController#index as HTML
  [1m[36mShout Load (0.8ms)[0m  [1mSELECT "shouts".* FROM "shouts"[0m
Rendered shouts/index.html.erb within layouts/application (3.2ms)
Completed 200 OK in 108ms (Views: 10.0ms | ActiveRecord: 0.8ms)


Started GET "/shouts/new" for 127.0.0.1 at 2011-03-02 21:15:42 -0500
  Processing by ShoutsController#new as HTML
Rendered shouts/_form.html.erb (63.3ms)
Rendered shouts/new.html.erb within layouts/application (68.0ms)
Completed 200 OK in 84ms (Views: 74.2ms | ActiveRecord: 0.0ms)


Started POST "/shouts" for 127.0.0.1 at 2011-03-02 21:15:54 -0500
  Processing by ShoutsController#create as HTML
  Parameters: {"utf8"=>"✓", "authenticity_token"=>"M44afFFB4nL3bpPMt1FtgM/T1KPVNiQC7NO7tZObfAo=", "shout"=>{"message"=>"Holy fuck it's Ruby on Rails", "upvotes"=>"", "downvotes"=>""}, "commit"=>"Create Shout"}
  [1m[35mSQL (0.3ms)[0m   SELECT name
 FROM sqlite_master
 WHERE type = 'table' AND NOT name = 'sqlite_sequence'
  [1m[36mAREL (0.6ms)[0m  [1mINSERT INTO "shouts" ("message", "upvotes", "downvotes", "created_at", "updated_at") VALUES ('Holy fuck it''s Ruby on Rails', NULL, NULL, '2011-03-03 02:15:54.544748', '2011-03-03 02:15:54.544748')[0m
Redirected to http://localhost:3000/shouts/1
Completed 302 Found in 132ms


Started GET "/shouts/1" for 127.0.0.1 at 2011-03-02 21:15:54 -0500
  Processing by ShoutsController#show as HTML
  Parameters: {"id"=>"1"}
  [1m[35mShout Load (0.7ms)[0m  SELECT "shouts".* FROM "shouts" WHERE "shouts"."id" = 1 LIMIT 1
Rendered shouts/show.html.erb within layouts/application (12.6ms)
Completed 200 OK in 33ms (Views: 19.6ms | ActiveRecord: 1.6ms)


Started GET "/shouts" for 127.0.0.1 at 2011-03-02 21:15:58 -0500
  Processing by ShoutsController#index as HTML
  [1m[36mShout Load (0.8ms)[0m  [1mSELECT "shouts".* FROM "shouts"[0m
Rendered shouts/index.html.erb within layouts/application (12.6ms)
Completed 200 OK in 27ms (Views: 18.2ms | ActiveRecord: 0.8ms)


Started GET "/shouts/new" for 127.0.0.1 at 2011-03-02 21:15:59 -0500
  Processing by ShoutsController#new as HTML
Rendered shouts/_form.html.erb (9.6ms)
Rendered shouts/new.html.erb within layouts/application (14.0ms)
Completed 200 OK in 30ms (Views: 19.8ms | ActiveRecord: 0.0ms)


Started POST "/shouts" for 127.0.0.1 at 2011-03-02 21:16:08 -0500
  Processing by ShoutsController#create as HTML
  Parameters: {"utf8"=>"✓", "authenticity_token"=>"M44afFFB4nL3bpPMt1FtgM/T1KPVNiQC7NO7tZObfAo=", "shout"=>{"message"=>"You know, this was super difficult to get running.", "upvotes"=>"", "downvotes"=>""}, "commit"=>"Create Shout"}
  [1m[35mAREL (0.4ms)[0m  INSERT INTO "shouts" ("message", "upvotes", "downvotes", "created_at", "updated_at") VALUES ('You know, this was super difficult to get running.', NULL, NULL, '2011-03-03 02:16:09.031081', '2011-03-03 02:16:09.031081')
Redirected to http://localhost:3000/shouts/2
Completed 302 Found in 26ms


Started GET "/shouts/2" for 127.0.0.1 at 2011-03-02 21:16:09 -0500
  Processing by ShoutsController#show as HTML
  Parameters: {"id"=>"2"}
  [1m[36mShout Load (0.6ms)[0m  [1mSELECT "shouts".* FROM "shouts" WHERE "shouts"."id" = 2 LIMIT 1[0m
Rendered shouts/show.html.erb within layouts/application (45.7ms)
Completed 200 OK in 65ms (Views: 53.2ms | ActiveRecord: 1.0ms)


Started GET "/shouts" for 127.0.0.1 at 2011-03-02 21:16:10 -0500
  Processing by ShoutsController#index as HTML
  [1m[35mShout Load (1.1ms)[0m  SELECT "shouts".* FROM "shouts"
Rendered shouts/index.html.erb within layouts/application (13.5ms)
Completed 200 OK in 28ms (Views: 19.2ms | ActiveRecord: 1.1ms)


Started GET "/shouts/new" for 127.0.0.1 at 2011-03-02 21:16:11 -0500
  Processing by ShoutsController#new as HTML
Rendered shouts/_form.html.erb (8.9ms)
Rendered shouts/new.html.erb within layouts/application (13.0ms)
Completed 200 OK in 28ms (Views: 18.6ms | ActiveRecord: 0.0ms)


Started POST "/shouts" for 127.0.0.1 at 2011-03-02 21:16:25 -0500
  Processing by ShoutsController#create as HTML
  Parameters: {"utf8"=>"✓", "authenticity_token"=>"M44afFFB4nL3bpPMt1FtgM/T1KPVNiQC7NO7tZObfAo=", "shout"=>{"message"=>"Rails is super simple once you get it going. HAML is cool too.", "upvotes"=>"", "downvotes"=>""}, "commit"=>"Create Shout"}
  [1m[36mAREL (0.4ms)[0m  [1mINSERT INTO "shouts" ("message", "upvotes", "downvotes", "created_at", "updated_at") VALUES ('Rails is super simple once you get it going. HAML is cool too.', NULL, NULL, '2011-03-03 02:16:25.904607', '2011-03-03 02:16:25.904607')[0m
Redirected to http://localhost:3000/shouts/3
Completed 302 Found in 61ms


Started GET "/shouts/3" for 127.0.0.1 at 2011-03-02 21:16:25 -0500
  Processing by ShoutsController#show as HTML
  Parameters: {"id"=>"3"}
  [1m[35mShout Load (0.7ms)[0m  SELECT "shouts".* FROM "shouts" WHERE "shouts"."id" = 3 LIMIT 1
Rendered shouts/show.html.erb within layouts/application (11.6ms)
Completed 200 OK in 31ms (Views: 18.6ms | ActiveRecord: 1.1ms)


Started GET "/shouts" for 127.0.0.1 at 2011-03-02 21:16:27 -0500
  Processing by ShoutsController#index as HTML
  [1m[36mShout Load (1.3ms)[0m  [1mSELECT "shouts".* FROM "shouts"[0m
Rendered shouts/index.html.erb within layouts/application (15.0ms)
Completed 200 OK in 30ms (Views: 20.6ms | ActiveRecord: 1.3ms)


Started GET "/shouts" for 127.0.0.1 at 2011-03-02 21:22:30 -0500
  Processing by ShoutsController#index as HTML
  [1m[35mShout Load (0.8ms)[0m  SELECT "shouts".* FROM "shouts" ORDER BY RANDOM() LIMIT 1
DEPRECATION WARNING: - style block helpers are deprecated. Please use =. (called from _app_views_shouts_index_html_haml__307159436748166493_2152863340__2997303369723908976 at /Users/stv/Localhost/_Rails/ideashouter/app/views/shouts/index.html.haml:3)
Rendered shouts/index.html.haml within layouts/application (45.6ms)
Completed 200 OK in 63ms (Views: 51.8ms | ActiveRecord: 0.8ms)


Started GET "/shouts" for 127.0.0.1 at 2011-03-02 21:23:01 -0500
  Processing by ShoutsController#index as HTML
  [1m[36mShout Load (0.8ms)[0m  [1mSELECT "shouts".* FROM "shouts" ORDER BY RANDOM() LIMIT 1[0m
DEPRECATION WARNING: - style block helpers are deprecated. Please use =. (called from _app_views_shouts_index_html_haml__307159436748166493_2154334000__2997303369723908976 at /Users/stv/Localhost/_Rails/ideashouter/app/views/shouts/index.html.haml:3)
Rendered shouts/index.html.haml within layouts/application (11.4ms)
Completed 200 OK in 28ms (Views: 17.2ms | ActiveRecord: 0.8ms)


Started GET "/shouts" for 127.0.0.1 at 2011-03-02 21:23:03 -0500
  Processing by ShoutsController#index as HTML
  [1m[35mShout Load (0.8ms)[0m  SELECT "shouts".* FROM "shouts" ORDER BY RANDOM() LIMIT 1
DEPRECATION WARNING: - style block helpers are deprecated. Please use =. (called from _app_views_shouts_index_html_haml__307159436748166493_2155105740__2997303369723908976 at /Users/stv/Localhost/_Rails/ideashouter/app/views/shouts/index.html.haml:3)
Rendered shouts/index.html.haml within layouts/application (11.3ms)
Completed 200 OK in 28ms (Views: 17.1ms | ActiveRecord: 0.8ms)


Started GET "/shouts" for 127.0.0.1 at 2011-03-02 21:23:05 -0500
  Processing by ShoutsController#index as HTML
  [1m[36mShout Load (0.8ms)[0m  [1mSELECT "shouts".* FROM "shouts" ORDER BY RANDOM() LIMIT 1[0m
DEPRECATION WARNING: - style block helpers are deprecated. Please use =. (called from _app_views_shouts_index_html_haml__307159436748166493_2159692280__2997303369723908976 at /Users/stv/Localhost/_Rails/ideashouter/app/views/shouts/index.html.haml:3)
Rendered shouts/index.html.haml within layouts/application (12.1ms)
Completed 200 OK in 29ms (Views: 18.2ms | ActiveRecord: 0.8ms)


Started GET "/shouts" for 127.0.0.1 at 2011-03-02 21:23:06 -0500
  Processing by ShoutsController#index as HTML
  [1m[35mShout Load (0.9ms)[0m  SELECT "shouts".* FROM "shouts" ORDER BY RANDOM() LIMIT 1
DEPRECATION WARNING: - style block helpers are deprecated. Please use =. (called from _app_views_shouts_index_html_haml__307159436748166493_2172973140__2997303369723908976 at /Users/stv/Localhost/_Rails/ideashouter/app/views/shouts/index.html.haml:3)
Rendered shouts/index.html.haml within layouts/application (12.0ms)
Completed 200 OK in 63ms (Views: 18.0ms | ActiveRecord: 0.9ms)


Started GET "/shouts" for 127.0.0.1 at 2011-03-02 21:23:06 -0500
  Processing by ShoutsController#index as HTML
  [1m[36mShout Load (0.9ms)[0m  [1mSELECT "shouts".* FROM "shouts" ORDER BY RANDOM() LIMIT 1[0m
DEPRECATION WARNING: - style block helpers are deprecated. Please use =. (called from _app_views_shouts_index_html_haml__307159436748166493_2154689660__2997303369723908976 at /Users/stv/Localhost/_Rails/ideashouter/app/views/shouts/index.html.haml:3)
Rendered shouts/index.html.haml within layouts/application (11.2ms)
Completed 200 OK in 28ms (Views: 17.0ms | ActiveRecord: 0.9ms)


Started GET "/shouts" for 127.0.0.1 at 2011-03-02 21:23:07 -0500
  Processing by ShoutsController#index as HTML
  [1m[35mShout Load (0.8ms)[0m  SELECT "shouts".* FROM "shouts" ORDER BY RANDOM() LIMIT 1
DEPRECATION WARNING: - style block helpers are deprecated. Please use =. (called from _app_views_shouts_index_html_haml__307159436748166493_2157869620__2997303369723908976 at /Users/stv/Localhost/_Rails/ideashouter/app/views/shouts/index.html.haml:3)
Rendered shouts/index.html.haml within layouts/application (11.4ms)
Completed 200 OK in 28ms (Views: 17.2ms | ActiveRecord: 0.8ms)


Started GET "/shouts" for 127.0.0.1 at 2011-03-02 21:23:07 -0500
  Processing by ShoutsController#index as HTML
  [1m[36mShout Load (1.1ms)[0m  [1mSELECT "shouts".* FROM "shouts" ORDER BY RANDOM() LIMIT 1[0m
DEPRECATION WARNING: - style block helpers are deprecated. Please use =. (called from _app_views_shouts_index_html_haml__307159436748166493_2173087840__2997303369723908976 at /Users/stv/Localhost/_Rails/ideashouter/app/views/shouts/index.html.haml:3)
Rendered shouts/index.html.haml within layouts/application (12.1ms)
Completed 200 OK in 64ms (Views: 18.0ms | ActiveRecord: 1.1ms)


Started GET "/shouts" for 127.0.0.1 at 2011-03-02 21:24:06 -0500
  Processing by ShoutsController#index as HTML
  [1m[36mShout Load (1.4ms)[0m  [1mSELECT "shouts".* FROM "shouts" ORDER BY RANDOM() LIMIT 1[0m
DEPRECATION WARNING: - style block helpers are deprecated. Please use =. (called from _app_views_shouts_index_html_haml___2739942283008346645_2152234520_1252862063415712719 at /Users/stv/Localhost/_Rails/ideashouter/app/views/shouts/index.html.haml:3)
Rendered shouts/index.html.haml within layouts/application (47.9ms)
Completed 200 OK in 121ms (Views: 54.1ms | ActiveRecord: 1.4ms)


Started GET "/shouts" for 127.0.0.1 at 2011-03-02 21:24:08 -0500
  Processing by ShoutsController#index as HTML
  [1m[35mShout Load (0.7ms)[0m  SELECT "shouts".* FROM "shouts" ORDER BY RANDOM() LIMIT 1
DEPRECATION WARNING: - style block helpers are deprecated. Please use =. (called from _app_views_shouts_index_html_haml___2739942283008346645_2173591200_1252862063415712719 at /Users/stv/Localhost/_Rails/ideashouter/app/views/shouts/index.html.haml:3)
Rendered shouts/index.html.haml within layouts/application (11.3ms)
Completed 200 OK in 28ms (Views: 17.2ms | ActiveRecord: 0.7ms)


Started GET "/shouts" for 127.0.0.1 at 2011-03-02 21:24:10 -0500
  Processing by ShoutsController#index as HTML
  [1m[36mShout Load (0.8ms)[0m  [1mSELECT "shouts".* FROM "shouts" ORDER BY RANDOM() LIMIT 1[0m
DEPRECATION WARNING: - style block helpers are deprecated. Please use =. (called from _app_views_shouts_index_html_haml___2739942283008346645_2174631220_1252862063415712719 at /Users/stv/Localhost/_Rails/ideashouter/app/views/shouts/index.html.haml:3)
Rendered shouts/index.html.haml within layouts/application (11.9ms)
Completed 200 OK in 30ms (Views: 18.6ms | ActiveRecord: 0.8ms)


Started GET "/shouts" for 127.0.0.1 at 2011-03-02 21:24:41 -0500
  Processing by ShoutsController#index as HTML
  [1m[35mShout Load (0.9ms)[0m  SELECT "shouts".* FROM "shouts" ORDER BY RANDOM() LIMIT 1
DEPRECATION WARNING: - style block helpers are deprecated. Please use =. (called from _app_views_shouts_index_html_haml___2739942283008346645_2153111820_1252862063415712719 at /Users/stv/Localhost/_Rails/ideashouter/app/views/shouts/index.html.haml:3)
Rendered shouts/index.html.haml within layouts/application (54.9ms)
Completed 200 OK in 77ms (Views: 62.0ms | ActiveRecord: 0.9ms)


Started GET "/shouts" for 127.0.0.1 at 2011-03-02 21:26:21 -0500
  Processing by ShoutsController#index as HTML
  [1m[36mShout Load (0.8ms)[0m  [1mSELECT "shouts".* FROM "shouts" ORDER BY RANDOM() LIMIT 1[0m
DEPRECATION WARNING: - style block helpers are deprecated. Please use =. (called from _app_views_shouts_index_html_haml___2739942283008346645_2173164620_1252862063415712719 at /Users/stv/Localhost/_Rails/ideashouter/app/views/shouts/index.html.haml:3)
Rendered shouts/index.html.haml within layouts/application (15.3ms)
Completed 200 OK in 31ms (Views: 20.7ms | ActiveRecord: 0.8ms)


Started POST "/shouts" for 127.0.0.1 at 2011-03-02 21:26:29 -0500
  Processing by ShoutsController#create as HTML
  Parameters: {"utf8"=>"✓", "authenticity_token"=>"M44afFFB4nL3bpPMt1FtgM/T1KPVNiQC7NO7tZObfAo=", "shout"=>{"message"=>"YES!"}, "commit"=>"save"}
  [1m[35mSQL (0.2ms)[0m   SELECT name
 FROM sqlite_master
 WHERE type = 'table' AND NOT name = 'sqlite_sequence'
  [1m[36mAREL (0.5ms)[0m  [1mINSERT INTO "shouts" ("message", "upvotes", "downvotes", "created_at", "updated_at") VALUES ('YES!', NULL, NULL, '2011-03-03 02:26:29.974900', '2011-03-03 02:26:29.974900')[0m
Redirected to http://localhost:3000/shouts/4
Completed 302 Found in 39ms


Started GET "/shouts/4" for 127.0.0.1 at 2011-03-02 21:26:30 -0500
  Processing by ShoutsController#show as HTML
  Parameters: {"id"=>"4"}
  [1m[35mShout Load (0.5ms)[0m  SELECT "shouts".* FROM "shouts" WHERE "shouts"."id" = 4 LIMIT 1
Rendered shouts/show.html.erb within layouts/application (48.4ms)
Completed 200 OK in 66ms (Views: 54.1ms | ActiveRecord: 1.3ms)


Started GET "/shouts" for 127.0.0.1 at 2011-03-02 21:26:34 -0500
  Processing by ShoutsController#index as HTML
  [1m[36mShout Load (0.8ms)[0m  [1mSELECT "shouts".* FROM "shouts" ORDER BY RANDOM() LIMIT 1[0m
DEPRECATION WARNING: - style block helpers are deprecated. Please use =. (called from _app_views_shouts_index_html_haml___2739942283008346645_2157846200_1252862063415712719 at /Users/stv/Localhost/_Rails/ideashouter/app/views/shouts/index.html.haml:3)
Rendered shouts/index.html.haml within layouts/application (58.9ms)
Completed 200 OK in 76ms (Views: 64.6ms | ActiveRecord: 0.8ms)


Started POST "/shouts" for 127.0.0.1 at 2011-03-02 21:27:22 -0500
  Processing by ShoutsController#create as HTML
  Parameters: {"utf8"=>"✓", "authenticity_token"=>"M44afFFB4nL3bpPMt1FtgM/T1KPVNiQC7NO7tZObfAo=", "shout"=>{"message"=>"test"}, "commit"=>"save"}
  [1m[35mAREL (0.5ms)[0m  INSERT INTO "shouts" ("message", "upvotes", "downvotes", "created_at", "updated_at") VALUES ('test', NULL, NULL, '2011-03-03 02:27:22.663977', '2011-03-03 02:27:22.663977')
Redirected to http://localhost:3000/
Completed 302 Found in 23ms


Started GET "/" for 127.0.0.1 at 2011-03-02 21:27:22 -0500
  Processing by ShoutsController#index as HTML
  [1m[36mShout Load (0.9ms)[0m  [1mSELECT "shouts".* FROM "shouts" ORDER BY RANDOM() LIMIT 1[0m
DEPRECATION WARNING: - style block helpers are deprecated. Please use =. (called from _app_views_shouts_index_html_haml___2739942283008346645_2174899980_1252862063415712719 at /Users/stv/Localhost/_Rails/ideashouter/app/views/shouts/index.html.haml:3)
Rendered shouts/index.html.haml within layouts/application (15.1ms)
Completed 200 OK in 66ms (Views: 20.8ms | ActiveRecord: 1.4ms)


Started GET "/" for 127.0.0.1 at 2011-03-02 21:27:24 -0500
  Processing by ShoutsController#index as HTML
  [1m[35mShout Load (2.0ms)[0m  SELECT "shouts".* FROM "shouts" ORDER BY RANDOM() LIMIT 1
DEPRECATION WARNING: - style block helpers are deprecated. Please use =. (called from _app_views_shouts_index_html_haml___2739942283008346645_2153012960_1252862063415712719 at /Users/stv/Localhost/_Rails/ideashouter/app/views/shouts/index.html.haml:3)
Rendered shouts/index.html.haml within layouts/application (65.4ms)
Completed 200 OK in 88ms (Views: 73.4ms | ActiveRecord: 2.0ms)


Started GET "/" for 127.0.0.1 at 2011-03-02 21:27:24 -0500
  Processing by ShoutsController#index as HTML
  [1m[36mShout Load (1.1ms)[0m  [1mSELECT "shouts".* FROM "shouts" ORDER BY RANDOM() LIMIT 1[0m
DEPRECATION WARNING: - style block helpers are deprecated. Please use =. (called from _app_views_shouts_index_html_haml___2739942283008346645_2172650920_1252862063415712719 at /Users/stv/Localhost/_Rails/ideashouter/app/views/shouts/index.html.haml:3)
Rendered shouts/index.html.haml within layouts/application (14.4ms)
Completed 200 OK in 32ms (Views: 19.8ms | ActiveRecord: 1.1ms)


Started GET "/" for 127.0.0.1 at 2011-03-02 21:27:25 -0500
  Processing by ShoutsController#index as HTML
  [1m[35mShout Load (0.8ms)[0m  SELECT "shouts".* FROM "shouts" ORDER BY RANDOM() LIMIT 1
DEPRECATION WARNING: - style block helpers are deprecated. Please use =. (called from _app_views_shouts_index_html_haml___2739942283008346645_2173148940_1252862063415712719 at /Users/stv/Localhost/_Rails/ideashouter/app/views/shouts/index.html.haml:3)
Rendered shouts/index.html.haml within layouts/application (16.8ms)
Completed 200 OK in 33ms (Views: 22.2ms | ActiveRecord: 0.8ms)


Started GET "/" for 127.0.0.1 at 2011-03-02 21:27:26 -0500
  Processing by ShoutsController#index as HTML
  [1m[36mShout Load (0.9ms)[0m  [1mSELECT "shouts".* FROM "shouts" ORDER BY RANDOM() LIMIT 1[0m
DEPRECATION WARNING: - style block helpers are deprecated. Please use =. (called from _app_views_shouts_index_html_haml___2739942283008346645_2174149900_1252862063415712719 at /Users/stv/Localhost/_Rails/ideashouter/app/views/shouts/index.html.haml:3)
Rendered shouts/index.html.haml within layouts/application (14.2ms)
Completed 200 OK in 31ms (Views: 19.7ms | ActiveRecord: 0.9ms)


Started GET "/" for 127.0.0.1 at 2011-03-02 21:27:26 -0500
  Processing by ShoutsController#index as HTML
  [1m[35mShout Load (0.8ms)[0m  SELECT "shouts".* FROM "shouts" ORDER BY RANDOM() LIMIT 1
DEPRECATION WARNING: - style block helpers are deprecated. Please use =. (called from _app_views_shouts_index_html_haml___2739942283008346645_2174433680_1252862063415712719 at /Users/stv/Localhost/_Rails/ideashouter/app/views/shouts/index.html.haml:3)
Rendered shouts/index.html.haml within layouts/application (15.0ms)
Completed 200 OK in 31ms (Views: 20.4ms | ActiveRecord: 0.8ms)


Started GET "/" for 127.0.0.1 at 2011-03-02 21:27:27 -0500
  Processing by ShoutsController#index as HTML
  [1m[36mShout Load (0.9ms)[0m  [1mSELECT "shouts".* FROM "shouts" ORDER BY RANDOM() LIMIT 1[0m
DEPRECATION WARNING: - style block helpers are deprecated. Please use =. (called from _app_views_shouts_index_html_haml___2739942283008346645_2152578820_1252862063415712719 at /Users/stv/Localhost/_Rails/ideashouter/app/views/shouts/index.html.haml:3)
Rendered shouts/index.html.haml within layouts/application (48.3ms)
Completed 200 OK in 65ms (Views: 53.8ms | ActiveRecord: 0.9ms)


Started GET "/" for 127.0.0.1 at 2011-03-02 21:27:28 -0500
  Processing by ShoutsController#index as HTML
  [1m[35mShout Load (0.8ms)[0m  SELECT "shouts".* FROM "shouts" ORDER BY RANDOM() LIMIT 1
DEPRECATION WARNING: - style block helpers are deprecated. Please use =. (called from _app_views_shouts_index_html_haml___2739942283008346645_2157162140_1252862063415712719 at /Users/stv/Localhost/_Rails/ideashouter/app/views/shouts/index.html.haml:3)
Rendered shouts/index.html.haml within layouts/application (47.3ms)
Completed 200 OK in 64ms (Views: 52.8ms | ActiveRecord: 0.8ms)


Started GET "/" for 127.0.0.1 at 2011-03-02 21:27:28 -0500
  Processing by ShoutsController#index as HTML
  [1m[36mShout Load (1.0ms)[0m  [1mSELECT "shouts".* FROM "shouts" ORDER BY RANDOM() LIMIT 1[0m
DEPRECATION WARNING: - style block helpers are deprecated. Please use =. (called from _app_views_shouts_index_html_haml___2739942283008346645_2173029520_1252862063415712719 at /Users/stv/Localhost/_Rails/ideashouter/app/views/shouts/index.html.haml:3)
Rendered shouts/index.html.haml within layouts/application (15.5ms)
Completed 200 OK in 33ms (Views: 21.1ms | ActiveRecord: 1.0ms)


Started GET "/" for 127.0.0.1 at 2011-03-02 21:27:29 -0500
  Processing by ShoutsController#index as HTML
  [1m[35mShout Load (0.8ms)[0m  SELECT "shouts".* FROM "shouts" ORDER BY RANDOM() LIMIT 1
DEPRECATION WARNING: - style block helpers are deprecated. Please use =. (called from _app_views_shouts_index_html_haml___2739942283008346645_2173410140_1252862063415712719 at /Users/stv/Localhost/_Rails/ideashouter/app/views/shouts/index.html.haml:3)
Rendered shouts/index.html.haml within layouts/application (15.9ms)
Completed 200 OK in 32ms (Views: 21.3ms | ActiveRecord: 0.8ms)


Started GET "/" for 127.0.0.1 at 2011-03-02 21:27:29 -0500
  Processing by ShoutsController#index as HTML
  [1m[36mShout Load (0.9ms)[0m  [1mSELECT "shouts".* FROM "shouts" ORDER BY RANDOM() LIMIT 1[0m
DEPRECATION WARNING: - style block helpers are deprecated. Please use =. (called from _app_views_shouts_index_html_haml___2739942283008346645_2174356820_1252862063415712719 at /Users/stv/Localhost/_Rails/ideashouter/app/views/shouts/index.html.haml:3)
Rendered shouts/index.html.haml within layouts/application (14.4ms)
Completed 200 OK in 33ms (Views: 20.6ms | ActiveRecord: 0.9ms)


Started GET "/" for 127.0.0.1 at 2011-03-02 21:27:30 -0500
  Processing by ShoutsController#index as HTML
  [1m[35mShout Load (0.9ms)[0m  SELECT "shouts".* FROM "shouts" ORDER BY RANDOM() LIMIT 1
DEPRECATION WARNING: - style block helpers are deprecated. Please use =. (called from _app_views_shouts_index_html_haml___2739942283008346645_2152592200_1252862063415712719 at /Users/stv/Localhost/_Rails/ideashouter/app/views/shouts/index.html.haml:3)
Rendered shouts/index.html.haml within layouts/application (57.7ms)
Completed 200 OK in 78ms (Views: 65.1ms | ActiveRecord: 0.9ms)


Started GET "/" for 127.0.0.1 at 2011-03-02 21:27:30 -0500
  Processing by ShoutsController#index as HTML
  [1m[36mShout Load (0.8ms)[0m  [1mSELECT "shouts".* FROM "shouts" ORDER BY RANDOM() LIMIT 1[0m
DEPRECATION WARNING: - style block helpers are deprecated. Please use =. (called from _app_views_shouts_index_html_haml___2739942283008346645_2157857540_1252862063415712719 at /Users/stv/Localhost/_Rails/ideashouter/app/views/shouts/index.html.haml:3)
Rendered shouts/index.html.haml within layouts/application (49.1ms)
Completed 200 OK in 66ms (Views: 54.7ms | ActiveRecord: 0.8ms)


Started GET "/" for 127.0.0.1 at 2011-03-02 21:27:31 -0500
  Processing by ShoutsController#index as HTML
  [1m[35mShout Load (0.9ms)[0m  SELECT "shouts".* FROM "shouts" ORDER BY RANDOM() LIMIT 1
DEPRECATION WARNING: - style block helpers are deprecated. Please use =. (called from _app_views_shouts_index_html_haml___2739942283008346645_2173058020_1252862063415712719 at /Users/stv/Localhost/_Rails/ideashouter/app/views/shouts/index.html.haml:3)
Rendered shouts/index.html.haml within layouts/application (14.4ms)
Completed 200 OK in 31ms (Views: 20.0ms | ActiveRecord: 0.9ms)


Started GET "/" for 127.0.0.1 at 2011-03-02 21:27:32 -0500
  Processing by ShoutsController#index as HTML
  [1m[36mShout Load (0.8ms)[0m  [1mSELECT "shouts".* FROM "shouts" ORDER BY RANDOM() LIMIT 1[0m
DEPRECATION WARNING: - style block helpers are deprecated. Please use =. (called from _app_views_shouts_index_html_haml___2739942283008346645_2173425660_1252862063415712719 at /Users/stv/Localhost/_Rails/ideashouter/app/views/shouts/index.html.haml:3)
Rendered shouts/index.html.haml within layouts/application (14.5ms)
Completed 200 OK in 31ms (Views: 19.9ms | ActiveRecord: 0.8ms)


Started GET "/" for 127.0.0.1 at 2011-03-02 22:20:11 -0500
  Processing by ShoutsController#index as HTML
  [1m[35mShout Load (0.9ms)[0m  SELECT "shouts".* FROM "shouts" ORDER BY RANDOM() LIMIT 1
DEPRECATION WARNING: - style block helpers are deprecated. Please use =. (called from _app_views_shouts_index_html_haml___2739942283008346645_2173678940_1252862063415712719 at /Users/stv/Localhost/_Rails/ideashouter/app/views/shouts/index.html.haml:3)
Rendered shouts/index.html.haml within layouts/application (21.3ms)
Completed 200 OK in 63ms (Views: 43.1ms | ActiveRecord: 0.9ms)


Started GET "/" for 127.0.0.1 at 2011-03-02 22:20:14 -0500
  Processing by ShoutsController#index as HTML
  [1m[36mShout Load (0.9ms)[0m  [1mSELECT "shouts".* FROM "shouts" ORDER BY RANDOM() LIMIT 1[0m
DEPRECATION WARNING: - style block helpers are deprecated. Please use =. (called from _app_views_shouts_index_html_haml___2739942283008346645_2174111880_1252862063415712719 at /Users/stv/Localhost/_Rails/ideashouter/app/views/shouts/index.html.haml:3)
Rendered shouts/index.html.haml within layouts/application (17.1ms)
Completed 200 OK in 36ms (Views: 23.4ms | ActiveRecord: 0.9ms)


Started GET "/" for 127.0.0.1 at 2011-03-02 22:20:16 -0500
  Processing by ShoutsController#index as HTML
  [1m[35mShout Load (0.9ms)[0m  SELECT "shouts".* FROM "shouts" ORDER BY RANDOM() LIMIT 1
DEPRECATION WARNING: - style block helpers are deprecated. Please use =. (called from _app_views_shouts_index_html_haml___2739942283008346645_2174371940_1252862063415712719 at /Users/stv/Localhost/_Rails/ideashouter/app/views/shouts/index.html.haml:3)
Rendered shouts/index.html.haml within layouts/application (18.3ms)
Completed 200 OK in 43ms (Views: 25.2ms | ActiveRecord: 0.9ms)


Started GET "/" for 127.0.0.1 at 2011-03-02 22:20:17 -0500
  Processing by ShoutsController#index as HTML
  [1m[36mShout Load (1.0ms)[0m  [1mSELECT "shouts".* FROM "shouts" ORDER BY RANDOM() LIMIT 1[0m
DEPRECATION WARNING: - style block helpers are deprecated. Please use =. (called from _app_views_shouts_index_html_haml___2739942283008346645_2151892140_1252862063415712719 at /Users/stv/Localhost/_Rails/ideashouter/app/views/shouts/index.html.haml:3)
Rendered shouts/index.html.haml within layouts/application (48.1ms)
Completed 200 OK in 65ms (Views: 53.6ms | ActiveRecord: 1.0ms)


Started GET "/" for 127.0.0.1 at 2011-03-02 22:20:18 -0500
  Processing by ShoutsController#index as HTML
  [1m[35mShout Load (0.8ms)[0m  SELECT "shouts".* FROM "shouts" ORDER BY RANDOM() LIMIT 1
DEPRECATION WARNING: - style block helpers are deprecated. Please use =. (called from _app_views_shouts_index_html_haml___2739942283008346645_2156646400_1252862063415712719 at /Users/stv/Localhost/_Rails/ideashouter/app/views/shouts/index.html.haml:3)
Rendered shouts/index.html.haml within layouts/application (47.7ms)
Completed 200 OK in 64ms (Views: 53.2ms | ActiveRecord: 0.8ms)


Started GET "/" for 127.0.0.1 at 2011-03-02 22:20:19 -0500
  Processing by ShoutsController#index as HTML
  [1m[36mShout Load (0.9ms)[0m  [1mSELECT "shouts".* FROM "shouts" ORDER BY RANDOM() LIMIT 1[0m
DEPRECATION WARNING: - style block helpers are deprecated. Please use =. (called from _app_views_shouts_index_html_haml___2739942283008346645_2172930860_1252862063415712719 at /Users/stv/Localhost/_Rails/ideashouter/app/views/shouts/index.html.haml:3)
Rendered shouts/index.html.haml within layouts/application (14.6ms)
Completed 200 OK in 32ms (Views: 20.2ms | ActiveRecord: 0.9ms)


Started GET "/" for 127.0.0.1 at 2011-03-02 22:20:20 -0500
  Processing by ShoutsController#index as HTML
  [1m[35mShout Load (0.8ms)[0m  SELECT "shouts".* FROM "shouts" ORDER BY RANDOM() LIMIT 1
DEPRECATION WARNING: - style block helpers are deprecated. Please use =. (called from _app_views_shouts_index_html_haml___2739942283008346645_2173327940_1252862063415712719 at /Users/stv/Localhost/_Rails/ideashouter/app/views/shouts/index.html.haml:3)
Rendered shouts/index.html.haml within layouts/application (14.6ms)
Completed 200 OK in 31ms (Views: 20.2ms | ActiveRecord: 0.8ms)


Started GET "/" for 127.0.0.1 at 2011-03-02 22:20:21 -0500
  Processing by ShoutsController#index as HTML
  [1m[36mShout Load (0.8ms)[0m  [1mSELECT "shouts".* FROM "shouts" ORDER BY RANDOM() LIMIT 1[0m
DEPRECATION WARNING: - style block helpers are deprecated. Please use =. (called from _app_views_shouts_index_html_haml___2739942283008346645_2174300600_1252862063415712719 at /Users/stv/Localhost/_Rails/ideashouter/app/views/shouts/index.html.haml:3)
Rendered shouts/index.html.haml within layouts/application (15.1ms)
Completed 200 OK in 32ms (Views: 20.6ms | ActiveRecord: 0.8ms)


Started GET "/" for 127.0.0.1 at 2011-03-02 22:20:22 -0500
  Processing by ShoutsController#index as HTML
  [1m[35mShout Load (0.8ms)[0m  SELECT "shouts".* FROM "shouts" ORDER BY RANDOM() LIMIT 1
DEPRECATION WARNING: - style block helpers are deprecated. Please use =. (called from _app_views_shouts_index_html_haml___2739942283008346645_2174546540_1252862063415712719 at /Users/stv/Localhost/_Rails/ideashouter/app/views/shouts/index.html.haml:3)
Rendered shouts/index.html.haml within layouts/application (18.0ms)
Completed 200 OK in 35ms (Views: 23.5ms | ActiveRecord: 0.8ms)


Started GET "/" for 127.0.0.1 at 2011-03-02 22:20:23 -0500
  Processing by ShoutsController#index as HTML
  [1m[36mShout Load (0.8ms)[0m  [1mSELECT "shouts".* FROM "shouts" ORDER BY RANDOM() LIMIT 1[0m
DEPRECATION WARNING: - style block helpers are deprecated. Please use =. (called from _app_views_shouts_index_html_haml___2739942283008346645_2174721320_1252862063415712719 at /Users/stv/Localhost/_Rails/ideashouter/app/views/shouts/index.html.haml:3)
Rendered shouts/index.html.haml within layouts/application (15.1ms)
Completed 200 OK in 64ms (Views: 20.5ms | ActiveRecord: 0.8ms)


Started GET "/" for 127.0.0.1 at 2011-03-02 22:20:24 -0500
  Processing by ShoutsController#index as HTML
  [1m[35mShout Load (0.8ms)[0m  SELECT "shouts".* FROM "shouts" ORDER BY RANDOM() LIMIT 1
DEPRECATION WARNING: - style block helpers are deprecated. Please use =. (called from _app_views_shouts_index_html_haml___2739942283008346645_2157933640_1252862063415712719 at /Users/stv/Localhost/_Rails/ideashouter/app/views/shouts/index.html.haml:3)
Rendered shouts/index.html.haml within layouts/application (47.9ms)
Completed 200 OK in 70ms (Views: 53.5ms | ActiveRecord: 0.8ms)


Started GET "/" for 127.0.0.1 at 2011-03-02 22:20:25 -0500
  Processing by ShoutsController#index as HTML
  [1m[36mShout Load (0.8ms)[0m  [1mSELECT "shouts".* FROM "shouts" ORDER BY RANDOM() LIMIT 1[0m
DEPRECATION WARNING: - style block helpers are deprecated. Please use =. (called from _app_views_shouts_index_html_haml___2739942283008346645_2158957620_1252862063415712719 at /Users/stv/Localhost/_Rails/ideashouter/app/views/shouts/index.html.haml:3)
Rendered shouts/index.html.haml within layouts/application (15.0ms)
Completed 200 OK in 32ms (Views: 20.5ms | ActiveRecord: 0.8ms)


Started GET "/" for 127.0.0.1 at 2011-03-02 22:20:25 -0500
  Processing by ShoutsController#index as HTML
  [1m[35mShout Load (1.0ms)[0m  SELECT "shouts".* FROM "shouts" ORDER BY RANDOM() LIMIT 1
DEPRECATION WARNING: - style block helpers are deprecated. Please use =. (called from _app_views_shouts_index_html_haml___2739942283008346645_2173423940_1252862063415712719 at /Users/stv/Localhost/_Rails/ideashouter/app/views/shouts/index.html.haml:3)
Rendered shouts/index.html.haml within layouts/application (14.2ms)
Completed 200 OK in 31ms (Views: 19.8ms | ActiveRecord: 1.0ms)


Started POST "/shouts" for 127.0.0.1 at 2011-03-02 22:20:31 -0500
  Processing by ShoutsController#create as HTML
  Parameters: {"utf8"=>"✓", "authenticity_token"=>"M44afFFB4nL3bpPMt1FtgM/T1KPVNiQC7NO7tZObfAo=", "shout"=>{"message"=>"I <3 U Candice"}, "commit"=>"save"}
  [1m[36mAREL (0.4ms)[0m  [1mINSERT INTO "shouts" ("message", "upvotes", "downvotes", "created_at", "updated_at") VALUES ('I <3 U Candice', NULL, NULL, '2011-03-03 03:20:32.077157', '2011-03-03 03:20:32.077157')[0m
Redirected to http://localhost:3000/
Completed 302 Found in 26ms


Started GET "/" for 127.0.0.1 at 2011-03-02 22:20:32 -0500
  Processing by ShoutsController#index as HTML
  [1m[35mShout Load (0.9ms)[0m  SELECT "shouts".* FROM "shouts" ORDER BY RANDOM() LIMIT 1
DEPRECATION WARNING: - style block helpers are deprecated. Please use =. (called from _app_views_shouts_index_html_haml___2739942283008346645_2157934480_1252862063415712719 at /Users/stv/Localhost/_Rails/ideashouter/app/views/shouts/index.html.haml:3)
Rendered shouts/index.html.haml within layouts/application (50.0ms)
Completed 200 OK in 67ms (Views: 56.0ms | ActiveRecord: 1.3ms)


Started GET "/" for 127.0.0.1 at 2011-03-02 22:20:33 -0500
  Processing by ShoutsController#index as HTML
  [1m[36mShout Load (0.8ms)[0m  [1mSELECT "shouts".* FROM "shouts" ORDER BY RANDOM() LIMIT 1[0m
DEPRECATION WARNING: - style block helpers are deprecated. Please use =. (called from _app_views_shouts_index_html_haml___2739942283008346645_2158864000_1252862063415712719 at /Users/stv/Localhost/_Rails/ideashouter/app/views/shouts/index.html.haml:3)
Rendered shouts/index.html.haml within layouts/application (16.1ms)
Completed 200 OK in 33ms (Views: 21.6ms | ActiveRecord: 0.8ms)


Started GET "/" for 127.0.0.1 at 2011-03-02 22:20:34 -0500
  Processing by ShoutsController#index as HTML
  [1m[35mShout Load (0.8ms)[0m  SELECT "shouts".* FROM "shouts" ORDER BY RANDOM() LIMIT 1
DEPRECATION WARNING: - style block helpers are deprecated. Please use =. (called from _app_views_shouts_index_html_haml___2739942283008346645_2172704980_1252862063415712719 at /Users/stv/Localhost/_Rails/ideashouter/app/views/shouts/index.html.haml:3)
Rendered shouts/index.html.haml within layouts/application (14.6ms)
Completed 200 OK in 31ms (Views: 20.1ms | ActiveRecord: 0.8ms)


Started GET "/" for 127.0.0.1 at 2011-03-02 22:20:35 -0500
  Processing by ShoutsController#index as HTML
  [1m[36mShout Load (0.8ms)[0m  [1mSELECT "shouts".* FROM "shouts" ORDER BY RANDOM() LIMIT 1[0m
DEPRECATION WARNING: - style block helpers are deprecated. Please use =. (called from _app_views_shouts_index_html_haml___2739942283008346645_2173149340_1252862063415712719 at /Users/stv/Localhost/_Rails/ideashouter/app/views/shouts/index.html.haml:3)
Rendered shouts/index.html.haml within layouts/application (14.9ms)
Completed 200 OK in 31ms (Views: 20.4ms | ActiveRecord: 0.8ms)
